Build started 12/04/2015 02:33:16.
     1>Project "C:\Users\Jordan Coyle\Documents\JordanCoyle-GP1\JordanCoyle_GP1\JordanCoyle_GP1\JordanCoyle_GP1.vcxproj" on node 2 (Build target(s)).
     1>ClCompile:
         C:\Program Files (x86)\Microsoft Visual Studio 12.0\VC\bin\CL.exe /c /ZI /nologo /W3 /WX- /sdl /Od /Oy- /D _MBCS /Gm /EHsc /RTC1 /MDd /GS /fp:precise /Zc:wchar_t /Zc:forScope /Fo"Debug\\" /Fd"Debug\vc120.pdb" /Gd /TP /analyze- /errorReport:prompt knightSlash.cpp main.cpp
         main.cpp
     1>c:\users\jordan coyle\documents\jordancoyle-gp1\jordancoyle_gp1\jordancoyle_gp1\main.cpp(45): error C3867: 'cWNDManager::processWNDEvents': function call missing argument list; use '&cWNDManager::processWNDEvents' to create a pointer to member
         knightSlash.cpp
         Generating Code...
     1>Done Building Project "C:\Users\Jordan Coyle\Documents\JordanCoyle-GP1\JordanCoyle_GP1\JordanCoyle_GP1\JordanCoyle_GP1.vcxproj" (Build target(s)) -- FAILED.

Build FAILED.

Time Elapsed 00:00:02.13
